[    0.000000] Initializing cgroup subsys cpuset
[    0.000000] Initializing cgroup subsys cpu
[    0.000000] Initializing cgroup subsys cpuacct
[    0.000000] Linux version 4.4.0-210-generic (buildd@lgw01-amd64-009) (gcc version 5.4.0 20160609 (Ubuntu 5.4.0-6ubuntu1~16.04.12) ) #242-Ubuntu SMP Fri Apr 16 09:57:56 UTC 2021 (Ubuntu 4.4.0-210.242-generic 4.4.262)
[    0.000000] Command line: BOOT_IMAGE=/boot/vmlinuz-4.4.0-210-generic root=LABEL=cloudimg-rootfs ro console=tty1 console=ttyS0
[    0.000000] KERNEL supported cpus:
[    0.000000]   Intel GenuineIntel
[    0.000000]   AMD AuthenticAMD
[    0.000000]   Centaur CentaurHauls
[    0.000000] x86/fpu: xstate_offset[2]:  576, xstate_sizes[2]:  256
[    0.000000] x86/fpu: Supporting XSAVE feature 0x01: 'x87 floating point registers'
[    0.000000] x86/fpu: Supporting XSAVE feature 0x02: 'SSE registers'
[    0.000000] x86/fpu: Supporting XSAVE feature 0x04: 'AVX registers'
[    0.000000] x86/fpu: Enabled xstate features 0x7, context size is 832 bytes, using 'standard' format.
[    0.000000] e820: BIOS-provided physical RAM map:
[    0.000000] BIOS-e820: [mem 0x0000000000000000-0x000000000009fbff] usable
[    0.000000] BIOS-e820: [mem 0x000000000009fc00-0x000000000009ffff] reserved
[    0.000000] BIOS-e820: [mem 0x00000000000f0000-0x00000000000fffff] reserved
[    0.000000] BIOS-e820: [mem 0x0000000000100000-0x000000003ffeffff] usable
[    0.000000] BIOS-e820: [mem 0x000000003fff0000-0x000000003fffffff] ACPI data
[    0.000000] BIOS-e820: [mem 0x00000000fec00000-0x00000000fec00fff] reserved
[    0.000000] BIOS-e820: [mem 0x00000000fee00000-0x00000000fee00fff] reserved
[    0.000000] BIOS-e820: [mem 0x00000000fffc0000-0x00000000ffffffff] reserved
[    0.000000] NX (Execute Disable) protection: active
[    0.000000] SMBIOS 2.5 present.
[    0.000000] Hypervisor detected: KVM
[    0.000000] Kernel/User page tables isolation: disabled
[    0.000000] e820: last_pfn = 0x3fff0 max_arch_pfn = 0x400000000
[    0.000000] MTRR: Disabled
[    0.000000] x86/PAT: MTRRs disabled, skipping PAT initialization too.
[    0.000000] CPU MTRRs all blank - virtualized system.
[    0.000000] x86/PAT: Configuration [0-7]: WB  WT  UC- UC  WB  WT  UC- UC  
[    0.000000] found SMP MP-table at [mem 0x0009fff0-0x0009ffff] mapped at [ffff88000009fff0]
[    0.000000] Scanning 1 areas for low memory corruption
[    0.000000] RAMDISK: [mem 0x362dc000-0x37165fff]
[    0.000000] ACPI: Early table checksum verification disabled
[    0.000000] ACPI: RSDP 0x00000000000E0000 000024 (v02 VBOX  )
[    0.000000] ACPI: XSDT 0x000000003FFF0030 00003C (v01 VBOX   VBOXXSDT 00000001 ASL  00000061)
[    0.000000] ACPI: FACP 0x000000003FFF00F0 0000F4 (v04 VBOX   VBOXFACP 00000001 ASL  00000061)
[    0.000000] ACPI: DSDT 0x000000003FFF0470 0022EA (v02 VBOX   VBOXBIOS 00000002 INTL 20100528)
[    0.000000] ACPI: FACS 0x000000003FFF0200 000040
[    0.000000] ACPI: FACS 0x000000003FFF0200 000040
[    0.000000] ACPI: APIC 0x000000003FFF0240 00005C (v02 VBOX   VBOXAPIC 00000001 ASL  00000061)
[    0.000000] ACPI: SSDT 0x000000003FFF02A0 0001CC (v01 VBOX   VBOXCPUT 00000002 INTL 20100528)
[    0.000000] No NUMA configuration found
[    0.000000] Faking a node at [mem 0x0000000000000000-0x000000003ffeffff]
[    0.000000] NODE_DATA(0) allocated [mem 0x3ffeb000-0x3ffeffff]
[    0.000000] kvm-clock: Using msrs 4b564d01 and 4b564d00
[    0.000000] kvm-clock: cpu 0, msr 0:3ffe3001, primary cpu clock
[    0.000000] kvm-clock: using sched offset of 3201745463 cycles
[    0.000000] clocksource: kvm-clock: mask: 0xffffffffffffffff max_cycles: 0x1cd42e4dffb, max_idle_ns: 881590591483 ns
[    0.000000] Zone ranges:
[    0.000000]   DMA      [mem 0x0000000000001000-0x0000000000ffffff]
[    0.000000]   DMA32    [mem 0x0000000001000000-0x000000003ffeffff]
[    0.000000]   Normal   empty
[    0.000000]   Device   empty
[    0.000000] Movable zone start for each node
[    0.000000] Early memory node ranges
[    0.000000]   node   0: [mem 0x0000000000001000-0x000000000009efff]
[    0.000000]   node   0: [mem 0x0000000000100000-0x000000003ffeffff]
[    0.000000] Initmem setup node 0 [mem 0x0000000000001000-0x000000003ffeffff]
[    0.000000] ACPI: PM-Timer IO Port: 0x4008
[    0.000000] IOAPIC[0]: apic_id 2, version 32, address 0xfec00000, GSI 0-23
[    0.000000] ACPI: INT_SRC_OVR (bus 0 bus_irq 0 global_irq 2 dfl dfl)
[    0.000000] ACPI: INT_SRC_OVR (bus 0 bus_irq 9 global_irq 9 low level)
[    0.000000] Using ACPI (MADT) for SMP configuration information
[    0.000000] smpboot: Allowing 2 CPUs, 0 hotplug CPUs
[    0.000000] PM: Registered nosave memory: [mem 0x00000000-0x00000fff]
[    0.000000] PM: Registered nosave memory: [mem 0x0009f000-0x0009ffff]
[    0.000000] PM: Registered nosave memory: [mem 0x000a0000-0x000effff]
[    0.000000] PM: Registered nosave memory: [mem 0x000f0000-0x000fffff]
[    0.000000] e820: [mem 0x40000000-0xfebfffff] available for PCI devices
[    0.000000] Booting paravirtualized kernel on KVM
[    0.000000] clocksource: refined-jiffies: mask: 0xffffffff max_cycles: 0xffffffff, max_idle_ns: 7645519600211568 ns
[    0.000000] setup_percpu: NR_CPUS:512 nr_cpumask_bits:512 nr_cpu_ids:2 nr_node_ids:1
[    0.000000] PERCPU: Embedded 33 pages/cpu @ffff88003fc00000 s95192 r8192 d31784 u1048576
[    0.000000] Built 1 zonelists in Node order, mobility grouping on.  Total pages: 257912
[    0.000000] Policy zone: DMA32
[    0.000000] Kernel command line: BOOT_IMAGE=/boot/vmlinuz-4.4.0-210-generic root=LABEL=cloudimg-rootfs ro console=tty1 console=ttyS0
[    0.000000] PID hash table entries: 4096 (order: 3, 32768 bytes)
[    0.000000] Memory: 997792K/1048120K available (8644K kernel code, 1332K rwdata, 4044K rodata, 1492K init, 1164K bss, 50328K reserved, 0K cma-reserved)
[    0.000000] SLUB: HWalign=64, Order=0-3, MinObjects=0, CPUs=2, Nodes=1
[    0.000000] Hierarchical RCU implementation.
[    0.000000] 	Build-time adjustment of leaf fanout to 64.
[    0.000000] 	RCU restricting CPUs from NR_CPUS=512 to nr_cpu_ids=2.
[    0.000000] RCU: Adjusting geometry for rcu_fanout_leaf=64, nr_cpu_ids=2
[    0.000000] NR_IRQS:33024 nr_irqs:440 16
[    0.000000] Console: colour VGA+ 80x25
[    0.000000] console [tty1] enabled
[    0.000000] console [ttyS0] enabled
[    0.000000] tsc: Detected 2419.200 MHz processor
[    0.135746] Calibrating delay loop (skipped) preset value.. 4838.40 BogoMIPS (lpj=9676800)
[    0.137090] pid_max: default: 32768 minimum: 301
[    0.137803] ACPI: Core revision 20150930
[    0.139230] ACPI: 2 ACPI AML tables successfully acquired and loaded
[    0.140251] Security Framework initialized
[    0.140951] Yama: becoming mindful.
[    0.141503] AppArmor: AppArmor initialized
[    0.142216] Dentry cache hash table entries: 131072 (order: 8, 1048576 bytes)
[    0.143334] Inode-cache hash table entries: 65536 (order: 7, 524288 bytes)
[    0.147326] Mount-cache hash table entries: 2048 (order: 2, 16384 bytes)
[    0.148336] Mountpoint-cache hash table entries: 2048 (order: 2, 16384 bytes)
[    0.149436] Initializing cgroup subsys io
[    0.150088] Initializing cgroup subsys memory
[    0.150822] Initializing cgroup subsys devices
[    0.151541] Initializing cgroup subsys freezer
[    0.152254] Initializing cgroup subsys net_cls
[    0.152917] Initializing cgroup subsys perf_event
[    0.153690] Initializing cgroup subsys net_prio
[    0.154330] Initializing cgroup subsys hugetlb
[    0.155045] Initializing cgroup subsys pids
[    0.160301] mce: CPU supports 0 MCE banks
[    0.161003] Last level iTLB entries: 4KB 0, 2MB 0, 4MB 0
[    0.161812] Last level dTLB entries: 4KB 0, 2MB 0, 4MB 0, 1GB 0
[    0.162707] Spectre V1 : Mitigation: usercopy/swapgs barriers and __user pointer sanitization
[    0.164019] Spectre V2 : Mitigation: Enhanced IBRS
[    0.164796] Spectre V2 : Spectre v2 / SpectreRSB mitigation: Filling RSB on context switch
[    0.166213] Speculative Store Bypass: Vulnerable
[    0.169431] Freeing SMP alternatives memory: 36K
[    0.175859] ftrace: allocating 32380 entries in 127 pages
[    0.217956] smpboot: APIC(0) Converting physical 0 to logical package 0
[    0.218976] smpboot: Max logical packages: 1
[    0.219839] x2apic enabled
[    0.220559] Switched APIC routing to physical x2apic.
[    0.222242] ..TIMER: vector=0x30 apic1=0 pin1=2 apic2=-1 pin2=-1
[    0.331328] smpboot: CPU0: 11th Gen Intel(R) Core(TM) i5-1135G7 @ 2.40GHz (family: 0x6, model: 0x8c, stepping: 0x1)
[    0.333116] Performance Events: unsupported p6 CPU model 140 no PMU driver, software events only.
[    0.343903] KVM setup paravirtual spinlock
[    0.345450] x86: Booting SMP configuration:
[    0.346168] .... node  #0, CPUs:      #1
[    0.346912] kvm-clock: cpu 1, msr 0:3ffe3041, secondary cpu clock
[    0.352114] mce: CPU supports 0 MCE banks
[    0.354743] x86: Booted up 1 node, 2 CPUs
[    0.355715] smpboot: Total of 2 processors activated (9676.80 BogoMIPS)
[    0.357198] devtmpfs: initialized
[    0.358800] evm: security.selinux
[    0.359385] evm: security.SMACK64
[    0.360010] evm: security.SMACK64EXEC
[    0.360770] evm: security.SMACK64TRANSMUTE
[    0.361428] evm: security.SMACK64MMAP
[    0.362075] evm: security.ima
[    0.362819] evm: security.capability
[    0.363701] clocksource: jiffies: mask: 0xffffffff max_cycles: 0xffffffff, max_idle_ns: 7645041785100000 ns
[    0.365155] futex hash table entries: 512 (order: 3, 32768 bytes)
[    0.366290] pinctrl core: initialized pinctrl subsystem
[    0.367205] RTC time: 20:53:28, date: 05/30/22
[    0.371696] NET: Registered protocol family 16
[    0.385263] cpuidle: using governor ladder
[    0.398740] cpuidle: using governor menu
[    0.399421] PCCT header not found.
[    0.400066] ACPI: bus type PCI registered
[    0.400727] acpiphp: ACPI Hot Plug PCI Controller Driver version: 0.5
[    0.402199] PCI: Using configuration type 1 for base access
[    0.417004] ACPI: Added _OSI(Module Device)
[    0.417659] ACPI: Added _OSI(Processor Device)
[    0.418376] ACPI: Added _OSI(3.0 _SCP Extensions)
[    0.419108] ACPI: Added _OSI(Processor Aggregator Device)
[    0.420439] ACPI: Executed 1 blocks of module-level executable AML code
[    0.422865] ACPI: Interpreter enabled
[    0.423543] ACPI: (supports S0 S5)
[    0.424562] ACPI: Using IOAPIC for interrupt routing
[    0.425789] PCI: Using host bridge windows from ACPI; if necessary, use "pci=nocrs" and report a bug
[    0.433705] ACPI: PCI Root Bridge [PCI0] (domain 0000 [bus 00-ff])
[    0.435516] acpi PNP0A03:00: _OSC: OS supports [ASPM ClockPM Segments MSI]
[    0.437296] acpi PNP0A03:00: _OSC: not requesting OS control; OS requires [ExtendedConfig ASPM ClockPM MSI]
[    0.439978] acpi PNP0A03:00: fail to add MMCONFIG information, can't access extended PCI configuration space under this bridge.
[    0.442212] PCI host bridge to bus 0000:00
[    0.443095] pci_bus 0000:00: root bus resource [io  0x0000-0x0cf7 window]
[    0.444060] pci_bus 0000:00: root bus resource [io  0x0d00-0xffff window]
[    0.445047] pci_bus 0000:00: root bus resource [mem 0x000a0000-0x000bffff window]
[    0.446332] pci_bus 0000:00: root bus resource [mem 0x40000000-0xfdffffff window]
[    0.447565] pci_bus 0000:00: root bus resource [bus 00-ff]
[    0.449735] pci 0000:00:01.1: legacy IDE quirk: reg 0x10: [io  0x01f0-0x01f7]
[    0.450816] pci 0000:00:01.1: legacy IDE quirk: reg 0x14: [io  0x03f6]
[    0.451697] pci 0000:00:01.1: legacy IDE quirk: reg 0x18: [io  0x0170-0x0177]
[    0.452751] pci 0000:00:01.1: legacy IDE quirk: reg 0x1c: [io  0x0376]
[    0.464475] pci 0000:00:07.0: quirk: [io  0x4000-0x403f] claimed by PIIX4 ACPI
[    0.473795] pci 0000:00:07.0: quirk: [io  0x4100-0x410f] claimed by PIIX4 SMB
[    0.481169] ACPI: PCI Interrupt Link [LNKA] (IRQs 5 9 10 *11)
[    0.482599] ACPI: PCI Interrupt Link [LNKB] (IRQs 5 9 *10 11)
[    0.483830] ACPI: PCI Interrupt Link [LNKC] (IRQs 5 *9 10 11)
[    0.485061] ACPI: PCI Interrupt Link [LNKD] (IRQs 5 9 10 *11)
[    0.486319] ACPI: Enabled 2 GPEs in block 00 to 07
[    0.487493] vgaarb: setting as boot device: PCI:0000:00:02.0
[    0.488285] vgaarb: device added: PCI:0000:00:02.0,decodes=io+mem,owns=io+mem,locks=none
[    0.489657] vgaarb: loaded
[    0.490156] vgaarb: bridge control possible 0000:00:02.0
[    0.491299] SCSI subsystem initialized
[    0.492163] ACPI: bus type USB registered
[    0.492854] usbcore: registered new interface driver usbfs
[    0.493659] usbcore: registered new interface driver hub
[    0.494483] usbcore: registered new device driver usb
[    0.495554] PCI: Using ACPI for IRQ routing
[    0.496398] NetLabel: Initializing
[    0.496974] NetLabel:  domain hash size = 128
[    0.497638] NetLabel:  protocols = UNLABELED CIPSOv4
[    0.498411] NetLabel:  unlabeled traffic allowed by default
[    0.499385] amd_nb: Cannot enumerate AMD northbridges
[    0.500233] clocksource: Switched to clocksource kvm-clock
[    0.511524] AppArmor: AppArmor Filesystem Enabled
[    0.512444] pnp: PnP ACPI init
[    0.513580] pnp: PnP ACPI: found 3 devices
[    0.521735] clocksource: acpi_pm: mask: 0xffffff max_cycles: 0xffffff, max_idle_ns: 2085701024 ns
[    0.523732] NET: Registered protocol family 2
[    0.524641] TCP established hash table entries: 8192 (order: 4, 65536 bytes)
[    0.525637] TCP bind hash table entries: 8192 (order: 5, 131072 bytes)
[    0.526608] TCP: Hash tables configured (established 8192 bind 8192)
[    0.527475] UDP hash table entries: 512 (order: 2, 16384 bytes)
[    0.528359] UDP-Lite hash table entries: 512 (order: 2, 16384 bytes)
[    0.529321] NET: Registered protocol family 1
[    0.530049] pci 0000:00:00.0: Limiting direct PCI/PCI transfers
[    0.531119] pci 0000:00:01.0: Activating ISA DMA hang workarounds
[    0.535054] Unpacking initramfs...
[    0.860932] Freeing initrd memory: 14888K
[    0.863375] clocksource: tsc: mask: 0xffffffffffffffff max_cycles: 0x22df1149949, max_idle_ns: 440795312789 ns
[    0.865879] platform rtc_cmos: registered platform RTC device (no PNP device found)
[    0.867242] Scanning for low memory corruption every 60 seconds
[    0.868483] audit: initializing netlink subsys (disabled)
[    0.869252] audit: type=2000 audit(1653944014.083:1): initialized
[    0.870476] Initialise system trusted keyring
[    0.871274] HugeTLB registered 2 MB page size, pre-allocated 0 pages
[    0.873462] zbud: loaded
[    0.874290] VFS: Disk quotas dquot_6.6.0
[    0.874901] VFS: Dquot-cache hash table entries: 512 (order 0, 4096 bytes)
[    0.876053] squashfs: version 4.0 (2009/01/31) Phillip Lougher
[    0.880440] fuse init (API version 7.23)
[    0.881174] Key type big_key registered
[    0.881799] Allocating IMA MOK and blacklist keyrings.
[    0.883726] Key type asymmetric registered
[    0.884373] Asymmetric key parser 'x509' registered
[    0.885086] Block layer SCSI generic (bsg) driver version 0.4 loaded (major 249)
[    0.886353] io scheduler noop registered
[    0.886951] io scheduler deadline registered (default)
[    0.887768] io scheduler cfq registered
[    0.888770] pci_hotplug: PCI Hot Plug PCI Core version: 0.5
[    0.889903] pciehp: PCI Express Hot Plug Controller Driver version: 0.4
[    0.892163] ACPI: AC Adapter [AC] (on-line)
[    0.893881] input: Power Button as /devices/LNXSYSTM:00/LNXPWRBN:00/input/input0
[    0.896638] ACPI: Power Button [PWRF]
[    0.898305] input: Sleep Button as /devices/LNXSYSTM:00/LNXSLPBN:00/input/input1
[    0.901018] ACPI: Sleep Button [SLPF]
[    0.902910] GHES: HEST is not enabled!
[    0.904014] ACPI: Battery Slot [BAT0] (battery present)
[    0.905737] Serial: 8250/16550 driver, 32 ports, IRQ sharing enabled
[    0.927109] 00:02: ttyS0 at I/O 0x3f8 (irq = 4, base_baud = 115200) is a 16550A
[    0.933161] Linux agpgart interface v0.103
[    0.935044] loop: module loaded
[    0.935986] scsi host0: ata_piix
[    0.936713] scsi host1: ata_piix
[    0.937421] ata1: PATA max UDMA/33 cmd 0x1f0 ctl 0x3f6 bmdma 0xd000 irq 14
[    0.940079] ata2: PATA max UDMA/33 cmd 0x170 ctl 0x376 bmdma 0xd008 irq 15
[    0.943347] libphy: Fixed MDIO Bus: probed
[    0.945269] tun: Universal TUN/TAP device driver, 1.6
[    0.947441] tun: (C) 1999-2004 Max Krasnyansky <maxk@qualcomm.com>
[    0.950057] PPP generic driver version 2.4.2
[    0.951992] ehci_hcd: USB 2.0 'Enhanced' Host Controller (EHCI) Driver
[    0.953757] ehci-pci: EHCI PCI platform driver
[    0.955624] ehci-platform: EHCI generic platform driver
[    0.957183] ohci_hcd: USB 1.1 'Open' Host Controller (OHCI) Driver
[    0.958068] ohci-pci: OHCI PCI platform driver
[    0.959897] ohci-platform: OHCI generic platform driver
[    0.961963] uhci_hcd: USB Universal Host Controller Interface driver
[    0.964315] i8042: PNP: PS/2 Controller [PNP0303:PS2K,PNP0f03:PS2M] at 0x60,0x64 irq 1,12
[    0.967704] serio: i8042 KBD port at 0x60,0x64 irq 1
[    0.968956] serio: i8042 AUX port at 0x60,0x64 irq 12
[    0.970791] mousedev: PS/2 mouse device common for all mice
[    0.971796] input: AT Translated Set 2 keyboard as /devices/platform/i8042/serio0/input/input2
[    0.973610] rtc_cmos rtc_cmos: rtc core: registered rtc_cmos as rtc0
[    0.974482] rtc_cmos rtc_cmos: alarms up to one day, 114 bytes nvram
[    0.975401] i2c /dev entries driver
[    0.976099] device-mapper: uevent: version 1.0.3
[    0.976959] device-mapper: ioctl: 4.34.0-ioctl (2015-10-28) initialised: dm-devel@redhat.com
[    0.978334] ledtrig-cpu: registered to indicate activity on CPUs
[    0.979595] NET: Registered protocol family 10
[    0.980446] NET: Registered protocol family 17
[    0.981111] Key type dns_resolver registered
[    0.982239] registered taskstats version 1
[    0.982908] Loading compiled-in X.509 certificates
[    0.984180] Loaded X.509 cert 'Build time autogenerated kernel key: cf00e047681d67edb2720680708b7d9498083038'
[    0.985692] zswap: loaded using pool lzo/zbud
[    0.987868] Key type trusted registered
[    0.990883] Key type encrypted registered
[    0.991531] AppArmor: AppArmor sha1 policy hashing enabled
[    0.992960] ima: No TPM chip found, activating TPM-bypass!
[    0.993798] ima: Allocated hash algorithm: sha1
[    0.994512] evm: HMAC attrs: 0x1
[    0.996147]   Magic number: 6:710:903
[    0.996943] acpi PNP0501:03: hash matches
[    0.997663] rtc_cmos rtc_cmos: setting system clock to 2022-05-30 20:53:29 UTC (1653944009)
[    0.999182] BIOS EDD facility v0.16 2004-Jun-25, 0 devices found
[    1.000045] EDD information not available.
[    1.103074] Freeing unused kernel memory: 1492K
[    1.105972] Write protecting the kernel read-only data: 14336k
[    1.109599] Freeing unused kernel memory: 1584K
[    1.112324] Freeing unused kernel memory: 52K
Loading, please wait...
starting version 229
[    1.123692] random: systemd-udevd: uninitialized urandom read (16 bytes read, 1 bits of entropy available)
[    1.124464] random: udevadm: uninitialized urandom read (16 bytes read, 1 bits of entropy available)
[    1.124484] random: udevadm: uninitialized urandom read (16 bytes read, 1 bits of entropy available)
[    1.132507] random: systemd-udevd: uninitialized urandom read (16 bytes read, 1 bits of entropy available)
[    1.135021] random: udevadm: uninitialized urandom read (16 bytes read, 1 bits of entropy available)
[    1.135089] random: udevadm: uninitialized urandom read (16 bytes read, 1 bits of entropy available)
[    1.135301] random: udevadm: uninitialized urandom read (16 bytes read, 1 bits of entropy available)
[    1.135375] random: udevadm: uninitialized urandom read (16 bytes read, 1 bits of entropy available)
[    1.135436] random: udevadm: uninitialized urandom read (16 bytes read, 1 bits of entropy available)
[    1.135501] random: udevadm: uninitialized urandom read (16 bytes read, 1 bits of entropy available)
[    1.176194] e1000: Intel(R) PRO/1000 Network Driver - version 7.3.21-k8-NAPI
[    1.177255] e1000: Copyright (c) 1999-2006 Intel Corporation.
[    1.182028] Fusion MPT base driver 3.04.20
[    1.182746] Copyright (c) 1999-2008 LSI Corporation
[    1.186414] Fusion MPT SPI Host driver 3.04.20
[    1.203695] AVX2 version of gcm_enc/dec engaged.
[    1.204531] AES CTR mode by8 optimization enabled
[    1.408588] input: ImExPS/2 Generic Explorer Mouse as /devices/platform/i8042/serio1/input/input4
[    1.818163] e1000 0000:00:03.0 eth0: (PCI:33MHz:32-bit) 02:be:82:6b:cc:1d
[    1.820986] e1000 0000:00:03.0 eth0: Intel(R) PRO/1000 Network Connection
[    1.823064] mptbase: ioc0: Initiating bringup
[    1.911162] ioc0: LSI53C1030 A0: Capabilities={Initiator}
[    3.550427] scsi host2: ioc0: LSI53C1030 A0, FwRev=00000000h, Ports=1, MaxQ=256, IRQ=20
[    3.873466] scsi 2:0:0:0: Direct-Access     VBOX     HARDDISK         1.0  PQ: 0 ANSI: 5
[    3.877546] scsi target2:0:0: Beginning Domain Validation
[    3.883640] scsi target2:0:0: Domain Validation skipping write tests
[    3.885404] scsi target2:0:0: Ending Domain Validation
[    3.887506] scsi target2:0:0: asynchronous
[    3.889258] scsi 2:0:1:0: Direct-Access     VBOX     HARDDISK         1.0  PQ: 0 ANSI: 5
[    3.891758] scsi target2:0:1: Beginning Domain Validation
[    3.894092] scsi target2:0:1: Domain Validation skipping write tests
[    3.896368] scsi target2:0:1: Ending Domain Validation
[    3.897558] scsi target2:0:1: asynchronous
[    3.906977] sd 2:0:0:0: [sda] 83886080 512-byte logical blocks: (42.9 GB/40.0 GiB)
[    3.907120] sd 2:0:0:0: Attached scsi generic sg0 type 0
[    3.924755] sd 2:0:0:0: [sda] Write Protect is off
[    3.926353] sd 2:0:0:0: [sda] Incomplete mode parameter data
[    3.927183] sd 2:0:0:0: [sda] Assuming drive cache: write through
[    3.929868]  sda: sda1
[    3.931408] sd 2:0:0:0: [sda] Attached SCSI disk
[    3.933915] sd 2:0:1:0: Attached scsi generic sg1 type 0
[    3.936003] sd 2:0:1:0: [sdb] 20480 512-byte logical blocks: (10.5 MB/10.0 MiB)
[    3.937637] sd 2:0:1:0: [sdb] Write Protect is off
[    3.938944] sd 2:0:1:0: [sdb] Incomplete mode parameter data
[    3.939787] sd 2:0:1:0: [sdb] Assuming drive cache: write through
[    3.947384] sd 2:0:1:0: [sdb] Attached SCSI disk
[    4.392608] e1000 0000:00:08.0 eth1: (PCI:33MHz:32-bit) 08:00:27:71:1d:9c
[    4.393927] e1000 0000:00:08.0 eth1: Intel(R) PRO/1000 Network Connection
[    4.395366] e1000 0000:00:08.0 enp0s8: renamed from eth1
[    4.405262] e1000 0000:00:03.0 enp0s3: renamed from eth0
Begin: Loading essential drivers ... [    5.808030] md: linear personality registered for level -1
[    5.812330] md: multipath personality registered for level -4
[    5.816568] md: raid0 personality registered for level 0
[    5.822959] md: raid1 personality registered for level 1
[    5.896442] raid6: sse2x1   gen() 11857 MB/s
[    5.964261] raid6: sse2x1   xor()  4192 MB/s
[    6.032379] raid6: sse2x2   gen() 17778 MB/s
[    6.100484] raid6: sse2x2   xor() 13556 MB/s
[    6.168254] raid6: sse2x4   gen() 13010 MB/s
[    6.236285] raid6: sse2x4   xor() 10749 MB/s
[    6.304247] raid6: avx2x1   gen() 24126 MB/s
[    6.372284] raid6: avx2x2   gen() 19472 MB/s
[    6.440943] raid6: avx2x4   gen() 25095 MB/s
[    6.441755] raid6: using algorithm avx2x4 gen() 25095 MB/s
[    6.442932] raid6: using avx2x2 recovery algorithm
[    6.445725] xor: automatically using best checksumming function:
[    6.484272]    avx       : 24565.000 MB/sec
[    6.486131] async_tx: api initialized (async)
[    6.500424] md: raid6 personality registered for level 6
[    6.502979] md: raid5 personality registered for level 5
[    6.504359] md: raid4 personality registered for level 4
[    6.509385] md: raid10 personality registered for level 10
done.
Begin: Running /scripts/init-premount ... done.
Begin: Mounting root file system ... Begin: Running /scripts/local-top ... done.
Begin: Running /scripts/local-premount ... [    6.531000] Btrfs loaded
Scanning for Btrfs filesystems
done.
Warning: fsck not present, so skipping root file system
[    6.552558] EXT4-fs (sda1): mounted filesystem with ordered data mode. Opts: (null)
done.
Begin: Running /scripts/local-bottom ... done.
Begin: Running /scripts/init-bottom ... done.
[    6.614872] systemd[1]: systemd 229 running in system mode. (+PAM +AUDIT +SELINUX +IMA +APPARMOR +SMACK +SYSVINIT +UTMP +LIBCRYPTSETUP +GCRYPT +GNUTLS +ACL +XZ -LZ4 +SECCOMP +BLKID +ELFUTILS +KMOD -IDN)
[    6.617394] systemd[1]: Detected virtualization oracle.
[    6.618182] systemd[1]: Detected architecture x86-64.

Welcome to [1mUbuntu 16.04.7 LTS[0m!

[    6.620710] systemd[1]: Set hostname to <ubuntu>.
[    6.622648] systemd[1]: Initializing machine ID from random generator.
[    6.623516] systemd[1]: Installed transient /etc/machine-id file.
[    6.699535] systemd[1]: Listening on fsck to fsckd communication Socket.
[[0;32m  OK  [0m] Listening on fsck to fsckd communication Socket.
[    6.701217] systemd[1]: Listening on Journal Socket (/dev/log).
[[0;32m  OK  [0m] Listening on Journal Socket (/dev/log).
[    6.702858] systemd[1]: Created slice System Slice.
[[0;32m  OK  [0m] Created slice System Slice.
[    6.704294] systemd[1]: Listening on udev Control Socket.
[[0;32m  OK  [0m] Listening on udev Control Socket.
[    6.705575] systemd[1]: Started Trigger resolvconf update for networkd DNS.
[[0;32m  OK  [0m] Started Trigger resolvconf update for networkd DNS.
[    6.707199] systemd[1]: Created slice User and Session Slice.
[[0;32m  OK  [0m] Created slice User and Session Slice.
[    6.708495] systemd[1]: Listening on LVM2 poll daemon socket.
[[0;32m  OK  [0m] Listening on LVM2 poll daemon socket.
[    6.709756] systemd[1]: Listening on /dev/initctl Compatibility Named Pipe.
[[0;32m  OK  [0m] Listening on /dev/initctl Compatibility Named Pipe.
[    6.711313] systemd[1]: Listening on Journal Audit Socket.
[[0;32m  OK  [0m] Listening on Journal Audit Socket.
[    6.712676] systemd[1]: Listening on LVM2 metadata daemon socket.
[[0;32m  OK  [0m] Listening on LVM2 metadata daemon socket.
[    6.714012] systemd[1]: Started Forward Password Requests to Wall Directory Watch.
[[0;32m  OK  [0m] Started Forward Password Requests to Wall Directory Watch.
[    6.715804] systemd[1]: Reached target User and Group Name Lookups.
[[0;32m  OK  [0m] Reached target User and Group Name Lookups.
[    6.717366] systemd[1]: Set up automount Arbitrary Executable File Formats File System Automount Point.
[[0;32m  OK  [0m] Set up automount Arbitrary Executab...ats File System Automount Point.
[    6.719607] systemd[1]: Listening on Syslog Socket.
[[0;32m  OK  [0m] Listening on Syslog Socket.
[    6.720798] systemd[1]: Listening on udev Kernel Socket.
[[0;32m  OK  [0m] Listening on udev Kernel Socket.
[    6.722076] systemd[1]: Reached target System Time Synchronized.
[[0;32m  OK  [0m] Reached target System Time Synchronized.
[    6.723598] systemd[1]: Listening on Device-mapper event daemon FIFOs.
[[0;32m  OK  [0m] Listening on Device-mapper event daemon FIFOs.
[    6.725233] systemd[1]: Created slice system-serial\x2dgetty.slice.
[[0;32m  OK  [0m] Created slice system-serial\x2dgetty.slice.
[    6.726581] systemd[1]: Reached target Encrypted Volumes.
[[0;32m  OK  [0m] Reached target Encrypted Volumes.
[    6.727784] systemd[1]: Listening on Journal Socket.
[[0;32m  OK  [0m] Listening on Journal Socket.
[    6.740653] systemd[1]: Starting Uncomplicated firewall...
         Starting Uncomplicated firewall...
[    6.742497] systemd[1]: Mounting POSIX Message Queue File System...
         Mounting POSIX Message Queue File System...
[    6.745237] systemd[1]: Starting Journal Service...
         Starting Journal Service...
[    6.749078] systemd[1]: Starting Nameserver information manager...
         Starting Nameserver information manager...
[    6.757122] systemd[1]: Starting Create list of required static device nodes for the current kernel...
         Starting Create list of required st... nodes for the current kernel...
[    6.760372] systemd[1]: Starting Set console keymap...
         Starting Set console keymap...
[    6.763455] systemd[1]: Mounting Debug File System...
         Mounting Debug File System...
[    6.772205] systemd[1]: Starting Load Kernel Modules...
         Starting Load Kernel Modules...
[    6.774239] systemd[1]: Starting Monitoring of LVM2 mirrors, snapshots etc. using dmeventd or progress polling...
         Starting Monitoring of LVM2 mirrors... dmeventd or progress polling...
[    6.776804] systemd[1]: Reached target Swap.
[[0;32m  OK  [0m] Reached target Swap.
[    6.778406] systemd[1]: Mounting Huge Pages File System...
         Mounting Huge Pages File System...
[    6.784697] systemd[1]: Reached target Slices.
[[0;32m  OK  [0m] Reached target Slices.
[    6.789593] systemd[1]: Starting File System Check on Root Device...
         Starting File System Check on Root Device...
[    6.804848] systemd[1]: Mounted Huge Pages File System.
[[0;32m  OK  [0m] Mounted Huge Pages File System.
[    6.807162] systemd[1]: Mounted POSIX Message Queue File System.
[[0;32m  OK  [0m] Mounted POSIX Message Queue File System.
[    6.809773] Loading iSCSI transport class v2.0-870.
[    6.809837] systemd[1]: Mounted Debug File System.
[[0;32m  OK  [0m] Mounted Debug File System.
[    6.815679] systemd[1]: Started Journal Service.
[[0;32m  OK  [0m] Started Journal Service.
[[0;32m  OK  [0m] Started Uncomplicated firewall.
[[0;32m  OK  [0m] Started Create list of required sta...ce nodes for the current kernel.
[[0;32m  OK  [0m] Started File System Check on Root Device.
[    6.826354] iscsi: registered transport (tcp)
[[0;32m  OK  [0m] Started Nameserver information manager.
[[0;32m  OK  [0m] Started LVM2 metadata daemon.
[[0;32m  OK  [0m] Started File System Check Daemon to report status.
         Starting Remount Root and Kernel File Systems...
         Starting Create Static Device Nodes in /dev...
[    6.842591] EXT4-fs (sda1): re-mounted. Opts: (null)
[[0;32m  OK  [0m] Started Remount Root and Kernel File Systems.
         Starting Load/Save Random Seed...
         Starting udev Coldplug all Devices...
         Starting Flush Journal to Persistent Storage...
[[0;32m  OK  [0m] Started Load/Save Random Seed.
[[0;32m  OK  [0m] Started Create Static Device Nodes in /dev.
         Starting udev Kernel Device Manager...
[    6.865559] systemd-journald[370]: Received request to flush runtime journal from PID 1
[[0;32m  OK  [0m] Started Flush Journal to Persistent Storage.
[[0;32m  OK  [0m] Started Set console keymap.
[[0;32m  OK  [0m] Started udev Coldplug all Devices.
[    6.907529] iscsi: registered transport (iser)
[[0;32m  OK  [0m] Started Load Kernel Modules.
[[0;32m  OK  [0m] Started udev Kernel Device Manager.
[[0;32m  OK  [0m] Started Dispatch Password Requests to Console Directory Watch.
         Starting Apply Kernel Variables...
         Mounting FUSE Control File System...
[[0;32m  OK  [0m] Mounted FUSE Control File System.
[[0;32m  OK  [0m] Started Apply Kernel Variables.
[[0;32m  OK  [0m] Found device /dev/ttyS0.
[[0;32m  OK  [0m] Listening on Load/Save RF Kill Switch Status /dev/rfkill Watch.
[[0;32m  OK  [0m] Started Monitoring of LVM2 mirrors,...ng dmeventd or progress polling.
[[0;32m  OK  [0m] Reached target Local File Systems (Pre).
[[0;32m  OK  [0m] Reached target Local File Systems.
         Starting Tell Plymouth To Write Out Runtime Data...
         Starting Initial cloud-init job (pre-networking)...
         Starting Set console font and keymap...
         Starting LSB: AppArmor initialization...
         Starting Create Volatile Files and Directories...
         Starting Commit a transient machine-id on disk...
[[0;32m  OK  [0m] Started Tell Plymouth To Write Out Runtime Data.
[[0;32m  OK  [0m] Started Create Volatile Files and Directories.
         Starting Update UTMP about System Boot/Shutdown...
[[0;32m  OK  [0m] Started Commit a transient machine-id on disk.
[[0;32m  OK  [0m] Started Update UTMP about System Boot/Shutdown.
[[0;32m  OK  [0m] Started Set console font and keymap.
[[0;32m  OK  [0m] Created slice system-getty.slice.
[[0;32m  OK  [0m] Started LSB: AppArmor initialization.
         Starting Load AppArmor profiles managed internally by snapd...
[[0;32m  OK  [0m] Started Load AppArmor profiles managed internally by snapd.
[    8.401847] cloud-init[613]: Cloud-init v. 21.1-19-gbad84ad4-0ubuntu1~16.04.2 running 'init-local' at Mon, 30 May 2022 20:53:36 +0000. Up 8.00 seconds.
[[0;32m  OK  [0m] Started Initial cloud-init job (pre-networking).
[[0;32m  OK  [0m] Reached target Network (Pre).
         Starting Raise network interfaces...
[[0;32m  OK  [0m] Started Raise network interfaces.
         Starting Initial cloud-init job (metadata service crawler)...
[[0;32m  OK  [0m] Reached target Network.
[    9.222419] cloud-init[957]: Cloud-init v. 21.1-19-gbad84ad4-0ubuntu1~16.04.2 running 'init' at Mon, 30 May 2022 20:53:37 +0000. Up 8.86 seconds.
[    9.223682] cloud-init[957]: ci-info: ++++++++++++++++++++++++++++++++++++++Net device info+++++++++++++++++++++++++++++++++++++++
[    9.224643] cloud-init[957]: ci-info: +--------+-------+----------------------------+---------------+--------+-------------------+
[    9.225820] cloud-init[957]: ci-info: | Device |   Up  |          Address           |      Mask     | Scope  |     Hw-Address    |
[    9.226920] cloud-init[957]: ci-info: +--------+-------+----------------------------+---------------+--------+-------------------+
[    9.228695] cloud-init[957]: ci-info: | enp0s3 |  True |         10.0.2.15          | 255.255.255.0 | global | 02:be:82:6b:cc:1d |
[    9.230440] cloud-init[957]: ci-info: | enp0s3 |  True | fe80::be:82ff:fe6b:cc1d/64 |       .       |  link  | 02:be:82:6b:cc:1d |
[    9.231755] cloud-init[957]: ci-info: | enp0s8 | False |             .              |       .       |   .    | 08:00:27:71:1d:9c |
[    9.233140] cloud-init[957]: ci-info: |   lo   |  True |         127.0.0.1          |   255.0.0.0   |  host  |         .         |
[    9.234732] cloud-init[957]: ci-info: |   lo   |  True |          ::1/128           |       .       |  host  |         .         |
[    9.236267] cloud-init[957]: ci-info: +--------+-------+----------------------------+---------------+--------+-------------------+
[    9.237799] cloud-init[957]: ci-info: +++++++++++++++++++++++++++Route IPv4 info++++++++++++++++++++++++++++
[    9.239179] cloud-init[957]: ci-info: +-------+-------------+----------+---------------+-----------+-------+
[    9.240198] cloud-init[957]: ci-info: | Route | Destination | Gateway  |    Genmask    | Interface | Flags |
[    9.241268] cloud-init[957]: ci-info: +-------+-------------+----------+---------------+-----------+-------+
[    9.242654] cloud-init[957]: ci-info: |   0   |   0.0.0.0   | 10.0.2.2 |    0.0.0.0    |   enp0s3  |   UG  |
[    9.243738] cloud-init[957]: ci-info: |   1   |   10.0.2.0  | 0.0.0.0  | 255.255.255.0 |   enp0s3  |   U   |
[    9.244849] cloud-init[957]: ci-info: +-------+-------------+----------+---------------+-----------+-------+
[    9.245972] cloud-init[957]: ci-info: +++++++++++++++++++Route IPv6 info+++++++++++++++++++
[    9.246970] cloud-init[957]: ci-info: +-------+-------------+---------+-----------+-------+
[    9.247902] cloud-init[957]: ci-info: | Route | Destination | Gateway | Interface | Flags |
[    9.248902] cloud-init[957]: ci-info: +-------+-------------+---------+-----------+-------+
[    9.249780] cloud-init[957]: ci-info: |   0   |  fe80::/64  |    ::   |   enp0s3  |   U   |
[    9.250763] cloud-init[957]: ci-info: |   3   |   ff00::/8  |    ::   |   enp0s3  |   U   |
[    9.252151] cloud-init[957]: ci-info: +-------+-------------+---------+-----------+-------+
[    9.253738] cloud-init[957]: Generating public/private rsa key pair.
[    9.254953] cloud-init[957]: Your identification has been saved in /etc/ssh/ssh_host_rsa_key.[[0;32m  OK  [0m] Started Initial cloud-init job (metadata service crawler).
[[0;32m  OK  [0m] Reached target Cloud-config availability.
[[0;32m  OK  [0m] Reached target System Initialization.

[    9.257994] cloud-init[957]: Your public key has been saved in /etc/ssh/ssh_host_rsa_key.pub.
[    9.260475] [[0;32m  OK  [0m] Started ACPI Events Check.
[[0;32m  OK  [0m] Reached target Paths.
cloud-init[957]: The key fingerprint is:
[    9.261764]          Starting Socket activation for snappy daemon.
[[0;32m  OK  [0m] Started Daily Cleanup of Temporary Directories.
[[0;32m  OK  [0m] Started Ubuntu Advantage update messaging.
cloud-init[957]:          Starting LXD - unix socket.
[[0;32m  OK  [0m] Listening on UUID daemon activation socket.
[[0;32m  OK  [0m] Started Message of the Day.
[[0;32m  OK  [0m] Started Daily apt download activities.
[[0;32m  OK  [0m] Started Daily apt upgrade and clean activities.
[[0;32m  OK  [0m] Reached target Timers.
[[0;32m  OK  [0m] Listening on D-Bus System Message Bus Socket.
[[0;32m  OK  [0m] Listening on ACPID Listen Socket.
[[0;32m  OK  [0m] Reached target Network is Online.
SHA256:KGTWM4Kflsrgj6cEog4CFXRCzoTVuByVxq3swa4PEVw root@ubuntu-xenial
[    9.268768] cloud-init[957]: The key's randomart image is:
[    9.269551] cloud-init[957]: +---[RSA 2048]----+
[    9.270243] cloud-init[957]: | =B=Eo           |
[    9.270891] cloud-init[957]: |.=o*=..          |
[    9.271593] cloud-init[957]: | .B*=.+          |
[    9.272283] cloud-init[957]: | .o*=+ +         |
[    9.272943] cloud-init[957]: |= .o*.. S        |
[    9.273679] cloud-init[957]: |*o +o.           |
[    9.274379] cloud-init[957]: |+o+.             |
[    9.275112] cloud-init[957]: |= +o             |
[    9.275825] cloud-init[957]: | +oo.            |
[    9.276411] cloud-init[957]: +----[SHA256]-----+
[    9.278408] cloud-init[957]: Generating public/private dsa key pair.
[    9.280451]          Starting iSCSI initiator daemon (iscsid)...
[[0;32m  OK  [0m] Listening on Socket activation for snappy daemon.
[[0;32m  OK  [0m] Listening on LXD - unix socket.
[[0;32m  OK  [0m] Reached target Sockets.
[[0;32m  OK  [0m] Reached target Basic System.
cloud-init[957]: Your identification has been saved in /etc/ssh/ssh_host_dsa_key.
[    9.289172] [[0;32m  OK  [0m] Started Deferred execution scheduler.
cloud-init[957]: Your public key has been saved in /etc/ssh/ssh_host_dsa_key.pub.
[[0;32m  OK  [0m] Started FUSE filesystem for LXC.
         Starting Login Service...
         Starting LSB: MD monitoring daemon...
         Starting LXD - container startup/shutdown...
[    9.296257] cloud-init[957]: The key fingerprint is:
[    9.307712] [[0;32m  OK  [0m] Started ACPI event daemon.
cloud-init         Starting Pollinate to seed the pseudo random number generator...
[957]: SHA256:gDfNdbn9+9FcLHKbxGo/SItPFRSG0RoKEJtgKTZnzKo root@ubuntu-xenial
[    9.324641]          Starting LSB: Record successful boot for GRUB...
         Starting Snap Daemon...
[[0;32m  OK  [0m] Started Regular background program processing daemon.
         Starting System Logging Service...
         Starting /etc/rc.local Compatibility...
         Starting Accounts Service...
[[0;32m  OK  [0m] Started D-Bus System Message Bus.
cloud-init[957]: The key's randomart image is:
[    9.334681] cloud-init[957]: +---[DSA 1024]----+
[    9.336186] cloud-init[957]: |   oo.oo  . o=+. |
[    9.344895] cloud-init[957]: |  +.*o =.. .+o.  |
[    9.357918] cloud-init[957]: | . *. * o. . =.  |
[    9.359197] cloud-init[957]: |  .  . o  . o..o |
[    9.360664] cloud-init[957]: | .      S   . *.o|
[    9.362058] cloud-init[957]: |E           .* =+|
[    9.367210] cloud-init[957]: |           o+oo.+|
[    9.372295] cloud-init[957]: |          .oo....|
[    9.373807] cloud-init[957]: |           .. ..o|
[    9.375480] cloud-init[957]: +----[SHA256]-----+         Starting Virtualbox guest utils...

[    9.380247] [[0;32m  OK  [0m] Started System Logging Service.
cloud-init[957]: Generating public/private ecdsa key pair.
[    9.386031] [[0;32m  OK  [0m] Started /etc/rc.local Compatibility.
cloud-init[957]: Your identification has been saved in /etc/ssh/ssh_host_ecdsa_key.
[    9.388656] cloud-init[957]: Your public key has been saved in /etc/ssh/ssh_host_ecdsa_key.pub.
[[0;32m  OK  [0m] Started Login Service.
[    9.399809] cloud-init[957]: The key fingerprint is:
[    9.406059] cloud-init[957]: SHA256:0pV2de4ZOKc0AaaGkZRzYvjPjdfvNkqN84HcZiksEgk root@ubuntu-xenial
[[0;32m  OK  [0m] Started Unattended Upgrades Shutdown.
[    9.432506] cloud-init[957]: The key's randomart image is:
[[0;32m  OK  [0m] Started LSB: MD monitoring daemon.
[    9.434058] cloud-init[957]: [[0;32m  OK  [0m] Started LSB: Record successful boot for GRUB.
[[0;32m  OK  [0m] Started iSCSI initiator daemon (iscsid).
+---[ECDSA 256]---+
[    9.436652] cloud-init[957]: |      ooo  o... .|
[    9.437862] cloud-init[957]: |     . *o.o. .oo |
[    9.439047]          Starting Authenticate and Authorize Users to Run Privileged Tasks...
         Starting Login to default iSCSI targets...
cloud-init[957]: |      oE+o+ .= o.|
[[0;32m  OK  [0m] Started Authenticate and Authorize Users to Run Privileged Tasks.
[    9.478454] cloud-init[957]: |       ooo... =.o|
[[0;32m  OK  [0m] Started LXD - container startup/shutdown.
[    9.481701] cloud-init[957]: |      . Soo .. ..|
[    9.484459] [[0;32m  OK  [0m] Started Accounts Service.
cloud-init[957]: |       . +.oo.= .|
[[0;32m  OK  [0m] Started Login to default iSCSI targets.
[[0;32m  OK  [0m] Reached target Remote File Systems (Pre).
[[0;32m  OK  [0m] Reached target Remote File Systems.
         Starting LSB: daemon to balance interrupts for SMP systems...
         Starting Permit User Sessions...
         Starting LSB: Set the CPU Frequency Scaling governor to "ondemand"...
[    9.494194] cloud-init[957]: |         ... O.B |
[    9.494991] cloud-init[957]: |          . o *+.|         Starting LSB: automatic crash report generation...

[    9.499314] cloud-init[957]: |             .+o.|
[    9.500631] cloud-init[957]: +----[SHA256]-----+
[    9.503758] [[0;32m  OK  [0m] Started Permit User Sessions.
cloud-init[957]: Generating public/private ed25519 key pair.
[    9.505562] cloud-init[957]: Your identification has been saved in /etc/ssh/ssh_host_ed25519_key.         Starting Hold until boot process finishes up...
         Starting Terminate Plymouth Boot Screen...
[[0;32m  OK  [0m] Started Hold until boot process finishes up.
         Starting Set console scheme...
[[0;32m  OK  [0m] Started Getty on tty1.
[[0;32m  OK  [0m] Started Serial Getty on ttyS0.
[[0;32m  OK  [0m] Reached target Login Prompts.

[    9.517158] cloud-init[957]: Your public key has been saved in /etc/ssh/ssh_host_ed25519_key.pub.[[0;32m  OK  [0m] Started Set console scheme.
[[0;32m  OK  [0m] Started Terminate Plymouth Boot Screen.
[[0;32m  OK  [0m] Started LSB: Set the CPU Frequency Scaling governor to "ondemand".

[    9.525015] cloud-init[957]: The key fingerprint is:
[    9.527536] cloud-init[957]: SHA256:RdEyGM6SDUOuAiZ1pL1yxFIpEycG7MSzcJNCnxqqons root@ubuntu-xenial
[    9.532876] cloud-init[957]: The key's randomart image is:
[    9.533661] cloud-init[957]: +--[ED25519 256]--+
[    9.534487] cloud-init[957]: |=o=+=o+ .ooo     |
[    9.535571] [[0;32m  OK  [0m] Started LSB: automatic crash report generation.
cloud-init[957]: |oBBOo. B..o .    |[[0;32m  OK  [0m] Started LSB: daemon to balance interrupts for SMP systems.

[    9.538032] cloud-init[957]: |*==*+ + + .o     |
[    9.538977] cloud-init[957]: |++oo o . .       |
[    9.542928] cloud-init[957]: |..o +   S        |
[    9.543664] cloud-init[957]: |.  +             |
[    9.544575] cloud-init[957]: |o                |
[    9.545585] cloud-init[957]: |o E              |
[    9.547640] cloud-init[957]: |oo               |
[    9.552923] cloud-init[957]: +----[SHA256]-----+
[[0;32m  OK  [0m] Started Virtualbox guest utils.
[[0;32m  OK  [0m] Started Snap Daemon.
         Starting Wait until snapd is fully seeded...
[[0;32m  OK  [0m] Started Wait until snapd is fully seeded.
         Starting Apply the settings specified in cloud-config...
[   11.120351] cloud-init[1290]: Generating locales (this might take a while)...
[   11.899695] cloud-init[1290]:   en_US.UTF-8... done
[   11.900418] cloud-init[1290]: Generation complete.
[   12.107973] cloud-init[1290]: Cloud-init v. 21.1-19-gbad84ad4-0ubuntu1~16.04.2 running 'modules:config' at Mon, 30 May 2022 20:53:39 +0000. Up 11.03 seconds.
[[0;32m  OK  [0m] Started Apply the settings specified in cloud-config.

Ubuntu 16.04.7 LTS ubuntu-xenial ttyS0

ubuntu-xenial login: ci-info: no authorized SSH keys fingerprints found for user ubuntu.
<14>May 30 20:53:48 ec2: 
<14>May 30 20:53:48 ec2: #############################################################
<14>May 30 20:53:48 ec2: -----BEGIN SSH HOST KEY FINGERPRINTS-----
<14>May 30 20:53:48 ec2: 1024 SHA256:gDfNdbn9+9FcLHKbxGo/SItPFRSG0RoKEJtgKTZnzKo root@ubuntu-xenial (DSA)
<14>May 30 20:53:48 ec2: 256 SHA256:0pV2de4ZOKc0AaaGkZRzYvjPjdfvNkqN84HcZiksEgk root@ubuntu-xenial (ECDSA)
<14>May 30 20:53:48 ec2: 256 SHA256:RdEyGM6SDUOuAiZ1pL1yxFIpEycG7MSzcJNCnxqqons root@ubuntu-xenial (ED25519)
<14>May 30 20:53:48 ec2: 2048 SHA256:KGTWM4Kflsrgj6cEog4CFXRCzoTVuByVxq3swa4PEVw root@ubuntu-xenial (RSA)
<14>May 30 20:53:48 ec2: -----END SSH HOST KEY FINGERPRINTS-----
<14>May 30 20:53:48 ec2: #############################################################
-----BEGIN SSH HOST KEY KEYS-----
ecdsa-sha2-nistp256 AAAAE2VjZHNhLXNoYTItbmlzdHAyNTYAAAAIbmlzdHAyNTYAAABBBM5J/aEiRUUgczLFLxJ8b7X4zQ9E0filZvqUsYGZ/AtrPbhognYIYYmbS4yxC87BO6KHl6vQ8hzhAHanhj4Kmj8= root@ubuntu-xenial
ssh-ed25519 AAAAC3NzaC1lZDI1NTE5AAAAICpaMywL261eLRlgddkacqzEhQt2knLBRKfpIf6Z1xWm root@ubuntu-xenial
ssh-rsa AAAAB3NzaC1yc2EAAAADAQABAAABAQCgMBCb2f+5nFTfFjSCS0u9ywoc9I50RXM/Ge48/wD3T+2/52etQZFWCsaQbwSxgbG61gAUY2uDlOUhl0m0zEVkf7ap+1rS7S62ABUMu0BkHYBAz7l6EQzTMfepRSS2ew/MKhqODUBvjFoX0QIK1+gRW8/8I/KMJxDzTt4wYbaFvxkhDJkiocPquSv/mluhDyxEwvc23Xn1cMgd61LIIRlMr6GQBSt2H0wId1wCMiGNv5aPwffaeFBMLAuIvHqkYU9NMxPYchGVnyl61O9XhLL6E2Ino/zflyevo0I9kGvs2mGFOO5UzomlNvNKhgOMkM8lJ2KzvDadhbFB/XD9FIr/ root@ubuntu-xenial
-----END SSH HOST KEY KEYS-----
[   20.076300] cloud-init[1347]: Cloud-init v. 21.1-19-gbad84ad4-0ubuntu1~16.04.2 running 'modules:final' at Mon, 30 May 2022 20:53:48 +0000. Up 19.88 seconds.
[   20.078122] cloud-init[1347]: ci-info: no authorized SSH keys fingerprints found for user ubuntu.
[   20.079437] cloud-init[1347]: Cloud-init v. 21.1-19-gbad84ad4-0ubuntu1~16.04.2 finished at Mon, 30 May 2022 20:53:48 +0000. Datasource DataSourceNoCloud [seed=/dev/sdb][dsmode=net].  Up 20.06 seconds
